family=yn_benchmarks planned stream configs: 16, methods=['cpsat_cold', 'cpsat_warm', 'boot_cold', 'boot_warm'], sizes=[(0, 0)], budgets=[8], workers=[1], severities=['medium']
running 16 stream configs across 6 worker processes
  yn2_20x20 seed=2 budget=8 workers=1 severity=medium bpolicy=append: 4 methods done
  yn1_20x20 seed=1 budget=8 workers=1 severity=medium bpolicy=append: 4 methods done
  yn1_20x20 seed=4 budget=8 workers=1 severity=medium bpolicy=append: 4 methods done
  yn1_20x20 seed=2 budget=8 workers=1 severity=medium bpolicy=append: 4 methods done
  yn1_20x20 seed=3 budget=8 workers=1 severity=medium bpolicy=append: 4 methods done
  yn2_20x20 seed=1 budget=8 workers=1 severity=medium bpolicy=append: 4 methods done
  yn2_20x20 seed=3 budget=8 workers=1 severity=medium bpolicy=append: 4 methods done
  yn2_20x20 seed=4 budget=8 workers=1 severity=medium bpolicy=append: 4 methods done
  yn3_20x20 seed=2 budget=8 workers=1 severity=medium bpolicy=append: 4 methods done
  yn3_20x20 seed=1 budget=8 workers=1 severity=medium bpolicy=append: 4 methods done
  yn3_20x20 seed=4 budget=8 workers=1 severity=medium bpolicy=append: 4 methods done
  yn3_20x20 seed=3 budget=8 workers=1 severity=medium bpolicy=append: 4 methods done
  yn4_20x20 seed=2 budget=8 workers=1 severity=medium bpolicy=append: 4 methods done
  yn4_20x20 seed=1 budget=8 workers=1 severity=medium bpolicy=append: 4 methods done
  yn4_20x20 seed=3 budget=8 workers=1 severity=medium bpolicy=append: 4 methods done
  yn4_20x20 seed=4 budget=8 workers=1 severity=medium bpolicy=append: 4 methods done

wrote results/icaps/runs/yn_benchmarks.csv (448 rows) and results/icaps/runs/yn_benchmarks_metadata.json
stream-runs: 64 executed, 0 skipped (resume), 0 rows with errors
